<?xml version="1.0" encoding="UTF-8"?>
<!-- Generated by org.testng.reporters.JUnitReportReporter -->
<testsuite hostname="LAPTOP-FG7AV7IL" failures="0" tests="5" name="com.test.Excel_Read" time="33.544" errors="0" timestamp="2020-06-20T19:15:34 EDT" skipped="0">
  <testcase classname="com.test.Excel_Read" name="test" time="6.410"/>
  <testcase classname="com.test.Excel_Read" name="test" time="6.672"/>
  <testcase classname="com.test.Excel_Read" name="test" time="7.929"/>
  <testcase classname="com.test.Excel_Read" name="test" time="6.222"/>
  <testcase classname="com.test.Excel_Read" name="test" time="6.311"/>
</testsuite> <!-- com.test.Excel_Read -->
