<?xml version="1.0" encoding="UTF-8"?>
<!-- Generated by org.testng.reporters.JUnitReportReporter -->
<testsuite hostname="LAPTOP-FG7AV7IL" failures="0" tests="1" name="com.osa.base.Browser" time="6.982" errors="0" timestamp="2020-07-04T18:02:38 EDT" skipped="0">
  <testcase classname="com.osa.base.Browser" name="openB" time="6.982"/>
</testsuite> <!-- com.osa.base.Browser -->
