<?xml version="1.0" encoding="UTF-8"?>
<!-- Generated by org.testng.reporters.JUnitReportReporter -->
<testsuite hostname="LAPTOP-FG7AV7IL" failures="0" tests="1" name="com.test.ArrayCopy" time="0.015" errors="0" timestamp="2020-06-20T18:59:31 EDT" skipped="0">
  <testcase classname="com.test.ArrayCopy" name="copyArray" time="0.015"/>
</testsuite> <!-- com.test.ArrayCopy -->
