<?xml version="1.0" encoding="UTF-8"?>
<!-- Generated by org.testng.reporters.JUnitReportReporter -->
<testsuite hostname="LAPTOP-FG7AV7IL" failures="0" tests="1" name="com.test.DoubleArray" time="0.013" errors="0" timestamp="2020-06-14T18:48:23 EDT" skipped="0">
  <testcase classname="com.test.DoubleArray" name="array" time="0.013"/>
</testsuite> <!-- com.test.DoubleArray -->
