<?xml version="1.0" encoding="UTF-8"?>
<!-- Generated by org.testng.reporters.JUnitReportReporter -->
<testsuite hostname="LAPTOP-FG7AV7IL" failures="0" tests="1" name="com.test.TestNG_Demo" time="0.003" errors="0" timestamp="2020-06-13T16:53:49 EDT" skipped="0">
  <testcase classname="com.test.TestNG_Demo" name="facebookTitleTest" time="0.003"/>
</testsuite> <!-- com.test.TestNG_Demo -->
