<?xml version="1.0" encoding="UTF-8"?>
<!-- Generated by org.testng.reporters.JUnitReportReporter -->
<testsuite hostname="LAPTOP-FG7AV7IL" failures="0" tests="3" name="com.test.TestNG_Basic" time="65.060" errors="0" timestamp="2020-06-13T16:53:49 EDT" skipped="0">
  <testcase classname="com.test.TestNG_Basic" name="OSALogoTest" time="24.605"/>
  <testcase classname="com.test.TestNG_Basic" name="ForumLoginTest" time="16.671"/>
  <testcase classname="com.test.TestNG_Basic" name="ForumLoginTest" time="23.784"/>
</testsuite> <!-- com.test.TestNG_Basic -->
