<?xml version="1.0" encoding="UTF-8"?>
<!-- Generated by org.testng.reporters.JUnitReportReporter -->
<testsuite hostname="LAPTOP-FG7AV7IL" failures="0" tests="5" name="com.test.InvocationCount" time="0.025" errors="0" timestamp="2020-06-13T16:53:49 EDT" skipped="0">
  <testcase classname="com.test.InvocationCount" name="add" time="0.004"/>
  <testcase classname="com.test.InvocationCount" name="add" time="0.006"/>
  <testcase classname="com.test.InvocationCount" name="add" time="0.007"/>
  <testcase classname="com.test.InvocationCount" name="add" time="0.004"/>
  <testcase classname="com.test.InvocationCount" name="add" time="0.004"/>
</testsuite> <!-- com.test.InvocationCount -->
