<?xml version="1.0" encoding="UTF-8"?>
<!-- Generated by org.testng.reporters.JUnitReportReporter -->
<testsuite hostname="LAPTOP-FG7AV7IL" failures="0" tests="3" name="com.test.TestNG_Features" time="0.003" errors="0" timestamp="2020-06-07T17:54:29 EDT" skipped="0">
  <testcase classname="com.test.TestNG_Features" name="loginTest" time="0.001"/>
  <testcase classname="com.test.TestNG_Features" name="interviewQuestionTest" time="0.001"/>
  <testcase classname="com.test.TestNG_Features" name="forumTest" time="0.001"/>
</testsuite> <!-- com.test.TestNG_Features -->
